[2026-03-10T18:42:47.996Z] 갑자_ENTP (시도 1): 금지어 포함: "지지"
[2026-03-10T18:43:04.059Z] 갑자_ENTP (시도 2): 금지어 포함: "지지"
[2026-03-10T18:43:19.219Z] 갑자_ENTP (시도 3): 금지어 포함: "지지"
[2026-03-10T18:46:36.251Z] 을축_INTJ (시도 1): 금지어 포함: "지지"
[2026-03-10T18:48:48.755Z] 을축_ISTJ (시도 1): 금지어 포함: "지지"
[2026-03-10T18:53:02.527Z] 병인_ISTJ (시도 1): 금지어 포함: "지지"
[2026-03-10T18:53:16.276Z] 병인_ISTJ (시도 2): 금지어 포함: "지지"
[2026-03-10T18:53:57.414Z] 병인_ESTJ (시도 1): 금지어 포함: "지지"
[2026-03-10T18:56:22.094Z] 정묘_ENTP (시도 1): 금지어 포함: "지지"
[2026-03-10T18:57:04.805Z] 정묘_INFP (시도 1): 금지어 포함: "지지"
[2026-03-10T18:58:13.806Z] 정묘_ISFJ (시도 1): 금지어 포함: "지지"
[2026-03-10T18:58:42.131Z] 정묘_ESTJ (시도 1): 금지어 포함: "지지"
[2026-03-10T18:59:52.557Z] 정묘_ESTP (시도 1): 금지어 포함: "지지"
[2026-03-10T19:00:05.313Z] 정묘_ESTP (시도 2): 금지어 포함: "지지"
[2026-03-10T19:00:20.076Z] 정묘_ESTP (시도 3): 금지어 포함: "지지"
[2026-03-10T19:01:04.432Z] 무진_INTP (시도 1): 금지어 포함: "지지"
[2026-03-10T19:01:20.388Z] 무진_INTP (시도 2): 금지어 포함: "지지"
[2026-03-10T19:01:35.078Z] 무진_INTP (시도 3): 금지어 포함: "지지"
[2026-03-10T19:03:01.686Z] 무진_ENFP (시도 1): 금지어 포함: "지지"
[2026-03-10T19:04:14.505Z] 무진_ESFJ (시도 1): 금지어 포함: "지지"
[2026-03-10T19:07:52.862Z] 기사_ISFJ (시도 1): 금지어 포함: "지지"
[2026-03-10T19:15:24.575Z] 신미_ENFP (시도 1): 금지어 포함: "지지"
[2026-03-10T19:18:00.909Z] 임신_INTP (시도 1): 금지어 포함: "지지"
[2026-03-10T19:19:30.814Z] 임신_ENFJ (시도 1): 금지어 포함: "지지"
[2026-03-10T19:22:08.088Z] 계유_INTJ (시도 1): 금지어 포함: "지지"
[2026-03-10T19:22:22.215Z] 계유_INTJ (시도 2): 금지어 포함: "지지"
[2026-03-10T19:25:55.553Z] 계유_ESTP (시도 1): 금지어 포함: "지지"
[2026-03-10T19:27:23.783Z] 갑술_ENTP (시도 1): 금지어 포함: "지지"
[2026-03-10T19:29:17.793Z] 갑술_ESTJ (시도 1): 금지어 포함: "지지"
[2026-03-10T19:36:26.623Z] 병자_ENFJ (시도 1): 금지어 포함: "지지"
[2026-03-10T19:36:40.682Z] 병자_ENFJ (시도 2): 금지어 포함: "지지"
[2026-03-10T19:39:20.428Z] 정축_INTJ (시도 1): 금지어 포함: "지지"
[2026-03-10T19:39:33.655Z] 정축_INTJ (시도 2): 금지어 포함: "지지"
[2026-03-10T19:39:46.768Z] 정축_INTJ (시도 3): 금지어 포함: "지지"
[2026-03-10T19:40:33.439Z] 정축_ENTP (시도 1): 금지어 포함: "지지"
[2026-03-10T19:40:48.178Z] 정축_ENTP (시도 2): 금지어 포함: "지지"
[2026-03-10T19:41:32.537Z] 정축_INFP (시도 1): 금지어 포함: "지지"
[2026-03-10T19:42:29.408Z] 정축_ISTJ (시도 1): 금지어 포함: "지지"
[2026-03-10T19:42:43.220Z] 정축_ISTJ (시도 2): 금지어 포함: "지지"
[2026-03-10T19:42:56.399Z] 정축_ISTJ (시도 3): 금지어 포함: "지지"
[2026-03-10T19:43:10.004Z] 정축_ISFJ (시도 1): 금지어 포함: "지지"
[2026-03-10T19:43:24.206Z] 정축_ISFJ (시도 2): 금지어 포함: "지지"
[2026-03-10T19:43:38.350Z] 정축_ISFJ (시도 3): 금지어 포함: "지지"
[2026-03-10T19:44:08.989Z] 정축_ESFJ (시도 1): 금지어 포함: "지지"
[2026-03-10T19:44:30.668Z] 정축_ESFJ (시도 2): 금지어 포함: "지지"
[2026-03-10T19:44:45.635Z] 정축_ESFJ (시도 3): 금지어 포함: "지지"
[2026-03-10T19:44:59.743Z] 정축_ISTP (시도 1): 금지어 포함: "지지"
[2026-03-10T19:45:13.980Z] 정축_ISTP (시도 2): 금지어 포함: "지지"
[2026-03-10T19:45:26.796Z] 정축_ISTP (시도 3): 금지어 포함: "지지"
[2026-03-10T19:47:56.713Z] 무인_ENFJ (시도 1): 금지어 포함: "지지"
[2026-03-10T19:48:27.652Z] 무인_ENFP (시도 1): 금지어 포함: "지지"
[2026-03-10T19:48:42.412Z] 무인_ENFP (시도 2): 금지어 포함: "지지"
[2026-03-10T19:48:56.286Z] 무인_ENFP (시도 3): 금지어 포함: "지지"
[2026-03-10T19:52:45.162Z] 기묘_ENFP (시도 1): 금지어 포함: "지지"
[2026-03-10T19:55:13.516Z] 경진_INTJ (시도 1): 금지어 포함: "지지"
[2026-03-10T19:55:27.977Z] 경진_INTJ (시도 2): 금지어 포함: "지지"
[2026-03-10T19:55:57.950Z] 경진_INTP (시도 1): 금지어 포함: "지지"
[2026-03-10T19:56:12.437Z] 경진_INTP (시도 2): 금지어 포함: "지지"
[2026-03-10T19:56:25.896Z] 경진_INTP (시도 3): 금지어 포함: "지지"
[2026-03-10T19:56:55.748Z] 경진_ENTP (시도 1): 금지어 포함: "지지"
[2026-03-10T19:57:38.663Z] 경진_INFP (시도 1): 금지어 포함: "지지"
[2026-03-10T19:57:52.573Z] 경진_INFP (시도 2): 금지어 포함: "지지"
[2026-03-10T19:58:08.855Z] 경진_INFP (시도 3): 금지어 포함: "지지"
[2026-03-10T19:58:24.062Z] 경진_ENFJ (시도 1): 금지어 포함: "지지"
[2026-03-10T19:58:53.085Z] 경진_ENFP (시도 1): 금지어 포함: "지지"
[2026-03-10T19:59:06.183Z] 경진_ENFP (시도 2): 금지어 포함: "지지"
[2026-03-10T20:00:18.049Z] 경진_ESFJ (시도 1): 금지어 포함: "지지"
[2026-03-10T20:00:45.192Z] 경진_ISTP (시도 1): 금지어 포함: "지지"
[2026-03-10T20:01:11.110Z] 경진_ISFP (시도 1): 금지어 포함: "지지"
[2026-03-10T20:01:25.362Z] 경진_ISFP (시도 2): 금지어 포함: "지지"
[2026-03-10T20:01:39.985Z] 경진_ISFP (시도 3): 금지어 포함: "지지"
[2026-03-10T20:10:12.697Z] 계미_INTP (시도 1): 금지어 포함: "지지"
[2026-03-10T20:12:08.036Z] 계미_ISTJ (시도 1): 금지어 포함: "지지"
[2026-03-10T20:15:01.792Z] 갑신_ENTP (시도 1): 금지어 포함: "지지"
[2026-03-10T20:15:16.287Z] 갑신_ENTP (시도 2): 금지어 포함: "지지"
[2026-03-10T20:15:31.137Z] 갑신_ENTP (시도 3): 금지어 포함: "지지"
[2026-03-10T20:15:47.190Z] 갑신_INFJ (시도 1): 금지어 포함: "지지"
[2026-03-10T20:16:01.037Z] 갑신_INFJ (시도 2): 금지어 포함: "지지"
[2026-03-10T20:17:14.317Z] 갑신_ISTJ (시도 1): 금지어 포함: "지지"
[2026-03-10T20:19:09.965Z] 갑신_ESFP (시도 1): 금지어 포함: "지지"
[2026-03-10T20:19:23.739Z] 갑신_ESFP (시도 2): 금지어 포함: "지지"
[2026-03-10T20:20:36.482Z] 을유_ENTP (시도 1): 금지어 포함: "지지"
[2026-03-10T20:22:20.982Z] 을유_ISFJ (시도 1): 금지어 포함: "지지"
[2026-03-10T20:23:49.567Z] 을유_ESTP (시도 1): 금지어 포함: "지지"
[2026-03-10T20:24:18.755Z] 을유_ESFP (시도 1): 금지어 포함: "지지"
[2026-03-10T20:24:47.340Z] 병술_INTJ (시도 1): 금지어 포함: "지지"
[2026-03-10T20:25:32.103Z] 병술_ENTJ (시도 1): 금지어 포함: "지지"
[2026-03-10T20:25:47.918Z] 병술_ENTJ (시도 2): 금지어 포함: "지지"
[2026-03-10T20:26:01.963Z] 병술_ENTJ (시도 3): 금지어 포함: "지지"
[2026-03-10T20:26:17.546Z] 병술_ENTP (시도 1): 금지어 포함: "지지"
[2026-03-10T20:27:13.050Z] 병술_ENFJ (시도 1): 금지어 포함: "지지"
[2026-03-10T20:28:22.249Z] 병술_ESTJ (시도 1): 금지어 포함: "지지"
[2026-03-10T20:29:20.519Z] 병술_ISFP (시도 1): 금지어 포함: "지지"
[2026-03-10T20:29:33.941Z] 병술_ISFP (시도 2): 금지어 포함: "지지"
[2026-03-10T20:29:49.427Z] 병술_ISFP (시도 3): 금지어 포함: "지지"
[2026-03-10T20:30:04.594Z] 병술_ESTP (시도 1): 금지어 포함: "지지"
[2026-03-10T20:31:03.195Z] 정해_INTP (시도 1): 금지어 포함: "지지"
[2026-03-10T20:31:16.766Z] 정해_INTP (시도 2): 금지어 포함: "지지"
[2026-03-10T20:31:30.590Z] 정해_INTP (시도 3): 금지어 포함: "지지"
[2026-03-10T20:32:29.464Z] 정해_INFP (시도 1): 금지어 포함: "지지"
[2026-03-10T20:32:42.297Z] 정해_INFP (시도 2): 금지어 포함: "지지"
[2026-03-10T20:32:55.867Z] 정해_INFP (시도 3): 금지어 포함: "지지"
[2026-03-10T20:33:09.262Z] 정해_ENFJ (시도 1): 금지어 포함: "지지"
[2026-03-10T20:33:37.163Z] 정해_ENFP (시도 1): 금지어 포함: "지지"
[2026-03-10T20:34:06.345Z] 정해_ISTJ (시도 1): 금지어 포함: "지지"
[2026-03-10T20:34:20.197Z] 정해_ISTJ (시도 2): 금지어 포함: "지지"
[2026-03-10T20:34:33.513Z] 정해_ISTJ (시도 3): 금지어 포함: "지지"
[2026-03-10T20:35:02.531Z] 정해_ESTJ (시도 1): 금지어 포함: "지지"
[2026-03-10T20:36:00.742Z] 정해_ISFP (시도 1): 금지어 포함: "지지"
[2026-03-10T20:36:27.593Z] 정해_ESTP (시도 1): 금지어 포함: "지지"
[2026-03-10T20:38:05.213Z] 무자_INFJ (시도 1): 금지어 포함: "지지"
[2026-03-10T20:38:18.200Z] 무자_INFJ (시도 2): 금지어 포함: "지지"
[2026-03-10T20:39:00.073Z] 무자_ENFJ (시도 1): 금지어 포함: "지지"
[2026-03-10T20:39:13.673Z] 무자_ENFJ (시도 2): 금지어 포함: "지지"
[2026-03-10T20:39:28.181Z] 무자_ENFJ (시도 3): 금지어 포함: "지지"
[2026-03-10T20:39:57.675Z] 무자_ISTJ (시도 1): 금지어 포함: "지지"
[2026-03-10T20:41:25.764Z] 무자_ISFP (시도 1): 금지어 포함: "지지"
[2026-03-10T20:42:08.143Z] 무자_ESFP (시도 1): 금지어 포함: "지지"
[2026-03-10T20:48:43.341Z] 경인_ISFJ (시도 1): 금지어 포함: "지지"
[2026-03-10T20:53:02.226Z] 신묘_ISFJ (시도 1): 금지어 포함: "지지"
[2026-03-11T00:02:39.286Z] 정묘_ESTP (시도 1): 금지어 포함: "지지"
[2026-03-11T00:02:52.834Z] 정묘_ESTP (시도 2): 금지어 포함: "지지"
[2026-03-11T00:03:38.360Z] 정축_INTJ (시도 1): 금지어 포함: "지지"
[2026-03-11T00:04:07.590Z] 정축_ISTJ (시도 1): 금지어 포함: "지지"
[2026-03-11T00:04:21.990Z] 정축_ISTJ (시도 2): 금지어 포함: "지지"
[2026-03-11T00:04:36.413Z] 정축_ISTJ (시도 3): 금지어 포함: "지지"
[2026-03-11T00:04:51.472Z] 정축_ISFJ (시도 1): 금지어 포함: "지지"
[2026-03-11T00:05:34.493Z] 정축_ISTP (시도 1): 금지어 포함: "지지"
[2026-03-11T00:05:48.528Z] 정축_ISTP (시도 2): 금지어 포함: "지지"
[2026-03-11T00:06:01.712Z] 정축_ISTP (시도 3): 금지어 포함: "지지"
[2026-03-11T00:07:18.970Z] 무인_ENFP (시도 2): 금지어 포함: "지지"
[2026-03-11T00:07:50.972Z] 경진_INTP (시도 1): 금지어 포함: "지지"
[2026-03-11T00:08:06.916Z] 경진_INTP (시도 2): 금지어 포함: "지지"
[2026-03-11T00:08:21.213Z] 경진_INTP (시도 3): 금지어 포함: "지지"
[2026-03-11T00:08:34.912Z] 경진_INFP (시도 1): 금지어 포함: "지지"
[2026-03-11T00:08:51.294Z] 경진_INFP (시도 2): 금지어 포함: "지지"
[2026-03-11T00:09:08.602Z] 경진_INFP (시도 3): 금지어 포함: "지지"
[2026-03-11T00:10:36.365Z] 정해_INFP (시도 1): 금지어 포함: "지지"
[2026-03-11T00:10:49.294Z] 정해_INFP (시도 2): 금지어 포함: "지지"
[2026-03-11T00:11:17.681Z] 정해_ISTJ (시도 1): 금지어 포함: "지지"
[2026-03-11T00:11:31.989Z] 정해_ISTJ (시도 2): 금지어 포함: "지지"
[2026-03-11T00:11:44.482Z] 정해_ISTJ (시도 3): 금지어 포함: "지지"
[2026-03-11T00:12:00.627Z] 무자_ENFJ (시도 1): 금지어 포함: "지지"
[2026-03-11T00:12:17.417Z] 무자_ENFJ (시도 2): 금지어 포함: "지지"
[2026-03-11T00:12:30.439Z] 무자_ENFJ (시도 3): 금지어 포함: "지지"
[2026-03-11T00:16:14.667Z] 갑오_INFJ (시도 1): 금지어 포함: "지지"
[2026-03-11T00:17:29.966Z] 갑오_ISTJ (시도 1): 금지어 포함: "정인"
[2026-03-11T00:17:44.380Z] 갑오_ISTJ (시도 2): 금지어 포함: "정인"
[2026-03-11T00:17:58.032Z] 갑오_ISTJ (시도 3): 금지어 포함: "지지"
[2026-03-11T00:20:25.182Z] 을미_ENTJ (시도 1): 금지어 포함: "지지"
[2026-03-11T00:25:03.289Z] 병신_INFJ (시도 1): 금지어 포함: "지지"
[2026-03-11T00:26:16.988Z] 병신_ISTJ (시도 1): 금지어 포함: "지지"
[2026-03-11T00:26:29.563Z] 병신_ISTJ (시도 2): 금지어 포함: "지지"
[2026-03-11T00:27:13.162Z] 병신_ESTJ (시도 1): 금지어 포함: "지지"
[2026-03-11T00:27:26.624Z] 병신_ESTJ (시도 2): 금지어 포함: "지지"
[2026-03-11T00:27:40.318Z] 병신_ESTJ (시도 3): 금지어 포함: "지지"
[2026-03-11T00:27:56.980Z] 병신_ESFJ (시도 1): 금지어 포함: "지지"
[2026-03-11T00:29:54.334Z] 정유_ENTJ (시도 1): 금지어 포함: "지지"
[2026-03-11T00:30:22.918Z] 정유_ENTP (시도 1): 금지어 포함: "지지"
[2026-03-11T00:33:52.668Z] 무술_INTP (시도 1): 금지어 포함: "지지"
[2026-03-11T00:34:05.799Z] 무술_INTP (시도 2): 금지어 포함: "지지"
[2026-03-11T00:34:32.183Z] 무술_ENTJ (시도 1): 금지어 포함: "지지"
[2026-03-11T00:35:27.347Z] 무술_INFP (시도 1): 금지어 포함: "지지"
[2026-03-11T00:35:40.229Z] 무술_INFP (시도 2): 금지어 포함: "지지"
[2026-03-11T00:36:21.130Z] 무술_ENFP (시도 1): 금지어 포함: "지지"
[2026-03-11T00:36:34.346Z] 무술_ENFP (시도 2): 금지어 포함: "지지"
[2026-03-11T00:36:48.669Z] 무술_ENFP (시도 3): 금지어 포함: "지지"
[2026-03-11T00:37:44.669Z] 무술_ESFJ (시도 1): 금지어 포함: "지지"
[2026-03-11T00:38:53.212Z] 무술_ESFP (시도 1): 금지어 포함: "지지"
[2026-03-11T00:44:38.873Z] 경자_ENFJ (시도 1): 금지어 포함: "지지"
[2026-03-11T00:46:42.250Z] 경자_ESTP (시도 1): 금지어 포함: "지지"
[2026-03-11T00:50:10.705Z] 신축_ESFJ (시도 1): 금지어 포함: "지지"
[2026-03-11T00:54:05.685Z] 임인_ESTJ (시도 1): 금지어 포함: "지지"
[2026-03-11T00:55:03.240Z] 임인_ISFP (시도 1): 금지어 포함: "지지"
[2026-03-11T01:00:02.188Z] 갑진_INTP (시도 1): 금지어 포함: "지지"
[2026-03-11T01:01:43.720Z] 갑진_ENFP (시도 1): 금지어 포함: "지지"
[2026-03-11T01:01:59.218Z] 갑진_ENFP (시도 2): 금지어 포함: "지지"
[2026-03-11T01:12:20.776Z] 정미_INTP (시도 1): 금지어 포함: "지지"
[2026-03-11T01:12:50.342Z] 정미_ENTJ (시도 1): 금지어 포함: "지지"
[2026-03-11T01:14:31.067Z] 정미_ISTJ (시도 1): 금지어 포함: "지지"
[2026-03-11T01:14:44.423Z] 정미_ISTJ (시도 2): 금지어 포함: "지지"
[2026-03-11T01:14:58.258Z] 정미_ISTJ (시도 3): 금지어 포함: "지지"
[2026-03-11T01:15:12.646Z] 정미_ISFJ (시도 1): 금지어 포함: "지지"
[2026-03-11T01:15:26.667Z] 정미_ISFJ (시도 2): 금지어 포함: "지지"
[2026-03-11T01:15:40.834Z] 정미_ISFJ (시도 3): 금지어 포함: "지지"
[2026-03-11T01:15:54.605Z] 정미_ESTJ (시도 1): 금지어 포함: "지지"
[2026-03-11T01:18:44.420Z] 무신_INFP (시도 1): 금지어 포함: "지지"
[2026-03-11T01:20:04.316Z] 무신_ISFJ (시도 1): 금지어 포함: "지지"
[2026-03-11T01:22:51.231Z] 기유_ENTP (시도 1): 금지어 포함: "지지"
[2026-03-11T01:28:04.049Z] 경술_ISTJ (시도 1): 금지어 포함: "지지"
[2026-03-11T01:28:16.242Z] 경술_ISTJ (시도 2): 금지어 포함: "지지"
[2026-03-11T01:29:11.178Z] 경술_ESFJ (시도 1): 금지어 포함: "지지"
[2026-03-11T01:32:22.584Z] 신해_ISTJ (시도 1): 금지어 포함: "지지"
[2026-03-11T01:34:25.863Z] 임자_INTJ (시도 1): 금지어 포함: "지지"
[2026-03-11T01:36:23.116Z] 임자_ENFP (시도 1): 금지어 포함: "지지"
[2026-03-11T01:39:28.879Z] 계축_ENTP (시도 1): 금지어 포함: "지지"
[2026-03-11T01:42:08.544Z] 계축_ISFP (시도 1): 금지어 포함: "지지"
[2026-03-11T01:53:04.733Z] 병진_ISTJ (시도 1): 금지어 포함: "지지"
[2026-03-11T01:56:14.303Z] 정사_INFJ (시도 1): 금지어 포함: "지지"
[2026-03-11T01:56:28.543Z] 정사_INFJ (시도 2): 금지어 포함: "지지"
[2026-03-11T01:58:56.701Z] 정사_ISFP (시도 1): 금지어 포함: "지지"
[2026-03-11T02:00:12.643Z] 무오_INTP (시도 1): 금지어 포함: "지지"
[2026-03-11T02:00:26.876Z] 무오_INTP (시도 2): 금지어 포함: "지지"
[2026-03-11T02:00:40.681Z] 무오_INTP (시도 3): 금지어 포함: "지지"
[2026-03-11T02:01:10.692Z] 무오_ENTP (시도 1): 금지어 포함: "지지"
[2026-03-11T02:01:24.973Z] 무오_ENTP (시도 2): 금지어 포함: "지지"
[2026-03-11T02:01:40.593Z] 무오_ENTP (시도 3): 금지어 포함: "지지"
[2026-03-11T02:01:54.800Z] 무오_INFJ (시도 1): 금지어 포함: "정인"
[2026-03-11T02:07:03.111Z] 기미_ISTJ (시도 1): 금지어 포함: "지지"
[2026-03-11T02:07:48.312Z] 기미_ESTJ (시도 1): 금지어 포함: "지지"
[2026-03-11T02:08:03.123Z] 기미_ESTJ (시도 2): 금지어 포함: "지지"
[2026-03-11T02:08:18.056Z] 기미_ESTJ (시도 3): 금지어 포함: "지지"
[2026-03-11T02:10:59.406Z] 경신_INFP (시도 1): 금지어 포함: "지지"
[2026-03-11T02:12:09.908Z] 경신_ISFJ (시도 1): 금지어 포함: "지지"
[2026-03-11T02:15:08.732Z] 신유_INFJ (시도 1): 금지어 포함: "지지"
[2026-03-11T02:18:02.876Z] 신유_ESFP (시도 1): 금지어 포함: "지지"
[2026-03-11T02:19:14.647Z] 임술_ENTP (시도 1): 금지어 포함: "지지"
[2026-03-11T02:21:21.866Z] 임술_ESFJ (시도 1): 금지어 포함: "지지"
[2026-03-11T02:25:19.351Z] 계해_ESTJ (시도 1): 금지어 포함: "지지"
